<?xml version="1.0" encoding="UTF-8"?>
<!-- Generated by org.testng.reporters.JUnitReportReporter -->
<testsuite skipped="0" hostname="Roshan" name="com.training.sanity.tests.LoginTests" tests="1" failures="0" timestamp="06 May 2020 04:02:55 GMT" time="16.597" errors="0">
  <testcase name="validLoginTest" time="16.597" classname="com.training.sanity.tests.LoginTests"/>
</testsuite> <!-- com.training.sanity.tests.LoginTests -->
