<?xml version="1.0" encoding="UTF-8"?>
<!-- Generated by org.testng.reporters.JUnitReportReporter -->
<testsuite skipped="0" hostname="Roshan" name="com.training.sanity.tests.SampleTest" tests="2" failures="0" timestamp="06 May 2020 03:59:01 GMT" time="31.169" errors="0">
  <testcase name="te" time="15.077" classname="com.training.sanity.tests.SampleTest"/>
  <testcase name="validLoginTest" time="16.092" classname="com.training.sanity.tests.SampleTest"/>
</testsuite> <!-- com.training.sanity.tests.SampleTest -->
